<?xml version="1.0" encoding="UTF-8"?>
<!-- Generated by org.testng.reporters.JUnitReportReporter -->
<testsuite skipped="0" hostname="DESKTOP-488FP15" name="Com.ActiTime.Test.demo" tests="1" failures="0" timestamp="28 Aug 2019 08:03:42 GMT" time="0.547" errors="0">
  <testcase name="testA" time="0.547" classname="Com.ActiTime.Test.demo"/>
</testsuite> <!-- Com.ActiTime.Test.demo -->
