<?xml version="1.0" encoding="UTF-8"?>
<!-- Generated by org.testng.reporters.JUnitReportReporter -->
<testsuite skipped="0" hostname="DESKTOP-488FP15" name="Com.ActiTime.Test.InvalidLoginTest" tests="3" failures="0" timestamp="03 Sep 2019 08:06:40 GMT" time="202.922" errors="0">
  <testcase name="InvalidLogin" time="22.911" classname="Com.ActiTime.Test.InvalidLoginTest"/>
  <testcase name="InvalidLogin" time="27.104" classname="Com.ActiTime.Test.InvalidLoginTest"/>
  <testcase name="InvalidLogin" time="152.907" classname="Com.ActiTime.Test.InvalidLoginTest"/>
</testsuite> <!-- Com.ActiTime.Test.InvalidLoginTest -->
